Sep-05 16:04:19.669 [main] DEBUG nextflow.cli.Launcher - $> nextflow run workflows/integration_test_simple.nf
Sep-05 16:04:19.707 [main] DEBUG nextflow.cli.CmdRun - N E X T F L O W  ~  version 25.04.6
Sep-05 16:04:19.718 [main] DEBUG nextflow.plugin.PluginsFacade - Setting up plugin manager > mode=prod; embedded=false; plugins-dir=/Users/lilei/.nextflow/plugins; core-plugins: nf-amazon@2.15.0,nf-azure@1.16.0,nf-cloudcache@0.4.3,nf-codecommit@0.2.3,nf-console@1.2.1,nf-google@1.21.1,nf-k8s@1.0.0,nf-tower@1.11.4,nf-wave@1.12.1
Sep-05 16:04:19.735 [main] INFO  o.pf4j.DefaultPluginStatusProvider - Enabled plugins: []
Sep-05 16:04:19.735 [main] INFO  o.pf4j.DefaultPluginStatusProvider - Disabled plugins: []
Sep-05 16:04:19.736 [main] INFO  org.pf4j.DefaultPluginManager - PF4J version 3.12.0 in 'deployment' mode
Sep-05 16:04:19.742 [main] INFO  org.pf4j.AbstractPluginManager - No plugins
Sep-05 16:04:19.770 [main] DEBUG nextflow.cli.CmdRun - Applied DSL=2 from script declaration
Sep-05 16:04:19.777 [main] DEBUG nextflow.cli.CmdRun - Launching `workflows/integration_test_simple.nf` [elegant_pauling] DSL2 - revision: 5fce29bf57
Sep-05 16:04:19.778 [main] DEBUG nextflow.plugin.PluginsFacade - Plugins default=[]
Sep-05 16:04:19.778 [main] DEBUG nextflow.plugin.PluginsFacade - Plugins resolved requirement=[]
Sep-05 16:04:19.802 [main] DEBUG nextflow.Session - Session UUID: adee3a2a-9011-4244-9c0a-d62c167853d5
Sep-05 16:04:19.802 [main] DEBUG nextflow.Session - Run name: elegant_pauling
Sep-05 16:04:19.802 [main] DEBUG nextflow.Session - Executor pool size: 16
Sep-05 16:04:19.806 [main] DEBUG nextflow.file.FilePorter - File porter settings maxRetries=3; maxTransfers=50; pollTimeout=null
Sep-05 16:04:19.811 [main] DEBUG nextflow.util.ThreadPoolBuilder - Creating thread pool 'FileTransfer' minSize=10; maxSize=48; workQueue=LinkedBlockingQueue[-1]; allowCoreThreadTimeout=false
Sep-05 16:04:19.825 [main] DEBUG nextflow.cli.CmdRun - 
  Version: 25.04.6 build 5954
  Created: 01-07-2025 11:27 UTC (04:27 PDT)
  System: Mac OS X 15.6.1
  Runtime: Groovy 4.0.26 on OpenJDK 64-Bit Server VM 21.0.6+9-b895.97
  Encoding: UTF-8 (UTF-8)
  Process: 24010@LiLei-M36.local [127.0.0.1]
  CPUs: 16 - Mem: 48 GB (444.1 MB) - Swap: 0 (0)
Sep-05 16:04:19.832 [main] DEBUG nextflow.Session - Work-dir: /Users/lilei/Downloads/CENTAUR/work [Mac OS X]
Sep-05 16:04:19.832 [main] DEBUG nextflow.Session - Script base path does not exist or is not a directory: /Users/lilei/Downloads/CENTAUR/workflows/bin
Sep-05 16:04:19.839 [main] DEBUG nextflow.executor.ExecutorFactory - Extension executors providers=[]
Sep-05 16:04:19.844 [main] DEBUG nextflow.Session - Observer factory: DefaultObserverFactory
Sep-05 16:04:19.846 [main] DEBUG nextflow.Session - Observer factory (v2): LinObserverFactory
Sep-05 16:04:19.858 [main] DEBUG nextflow.cache.CacheFactory - Using Nextflow cache factory: nextflow.cache.DefaultCacheFactory
Sep-05 16:04:19.862 [main] DEBUG nextflow.util.CustomThreadPool - Creating default thread pool > poolSize: 17; maxThreads: 1000
Sep-05 16:04:19.893 [main] DEBUG nextflow.Session - Session start
Sep-05 16:04:20.221 [main] DEBUG nextflow.script.ScriptRunner - > Launching execution
Sep-05 16:04:20.226 [main] DEBUG n.secret.LocalSecretsProvider - Secrets store: /Users/lilei/.nextflow/secrets/store.json
Sep-05 16:04:20.229 [main] DEBUG nextflow.secret.SecretsLoader - Discovered secrets providers: [nextflow.secret.LocalSecretsProvider@1142d377] - activable => nextflow.secret.LocalSecretsProvider@1142d377
Sep-05 16:04:20.296 [main] DEBUG nextflow.executor.ExecutorFactory - << taskConfig executor: null
Sep-05 16:04:20.296 [main] DEBUG nextflow.executor.ExecutorFactory - >> processorType: 'local'
Sep-05 16:04:20.300 [main] DEBUG nextflow.executor.Executor - [warm up] executor > local
Sep-05 16:04:20.303 [main] DEBUG n.processor.LocalPollingMonitor - Creating local task monitor for executor 'local' > cpus=16; memory=48 GB; capacity=16; pollInterval=100ms; dumpInterval=5m
Sep-05 16:04:20.305 [main] DEBUG n.processor.TaskPollingMonitor - >>> barrier register (monitor: local)
Sep-05 16:04:20.321 [main] DEBUG nextflow.processor.TaskProcessor - Creating process 'MULTIOMICS_INTEGRATION_TEST': maxForks=0; fair=false; array=0
Sep-05 16:04:20.353 [main] DEBUG nextflow.Session - Workflow process names [dsl2]: MULTIOMICS_INTEGRATION_TEST
Sep-05 16:04:20.354 [main] DEBUG nextflow.Session - Igniting dataflow network (2)
Sep-05 16:04:20.354 [main] DEBUG nextflow.processor.TaskProcessor - Starting process > MULTIOMICS_INTEGRATION_TEST
Sep-05 16:04:20.354 [main] DEBUG nextflow.script.ScriptRunner - Parsed script files:
  Script_cfec865893d70b10: /Users/lilei/Downloads/CENTAUR/workflows/integration_test_simple.nf
Sep-05 16:04:20.354 [main] DEBUG nextflow.script.ScriptRunner - > Awaiting termination 
Sep-05 16:04:20.354 [main] DEBUG nextflow.Session - Session await
Sep-05 16:04:20.425 [Task submitter] DEBUG n.executor.local.LocalTaskHandler - Launch cmd line: /bin/bash -ue .command.run
Sep-05 16:04:20.426 [Task submitter] INFO  nextflow.Session - [96/90bfb1] Submitted process > MULTIOMICS_INTEGRATION_TEST (INTEGRATION_TEST_001)
Sep-05 16:04:20.431 [Task submitter] DEBUG n.executor.local.LocalTaskHandler - Launch cmd line: /bin/bash -ue .command.run
Sep-05 16:04:20.431 [Task submitter] INFO  nextflow.Session - [c0/2995c6] Submitted process > MULTIOMICS_INTEGRATION_TEST (INTEGRATION_TEST_002)
Sep-05 16:04:20.434 [Task submitter] DEBUG n.executor.local.LocalTaskHandler - Launch cmd line: /bin/bash -ue .command.run
Sep-05 16:04:20.434 [Task submitter] INFO  nextflow.Session - [fd/f50d4c] Submitted process > MULTIOMICS_INTEGRATION_TEST (INTEGRATION_TEST_003)
Sep-05 16:04:20.812 [Task monitor] DEBUG n.processor.TaskPollingMonitor - Task completed > TaskHandler[id: 3; name: MULTIOMICS_INTEGRATION_TEST (INTEGRATION_TEST_003); status: COMPLETED; exit: 0; error: -; workDir: /Users/lilei/Downloads/CENTAUR/work/fd/f50d4cc20dc1016d0b53e9844f88bb]
Sep-05 16:04:20.813 [Task monitor] DEBUG nextflow.util.ThreadPoolBuilder - Creating thread pool 'TaskFinalizer' minSize=10; maxSize=48; workQueue=LinkedBlockingQueue[-1]; allowCoreThreadTimeout=false
Sep-05 16:04:20.816 [Task monitor] DEBUG n.processor.TaskPollingMonitor - Task completed > TaskHandler[id: 1; name: MULTIOMICS_INTEGRATION_TEST (INTEGRATION_TEST_001); status: COMPLETED; exit: 0; error: -; workDir: /Users/lilei/Downloads/CENTAUR/work/96/90bfb1b26ec4db019277eaa8cc5b51]
Sep-05 16:04:20.817 [Task monitor] DEBUG n.processor.TaskPollingMonitor - Task completed > TaskHandler[id: 2; name: MULTIOMICS_INTEGRATION_TEST (INTEGRATION_TEST_002); status: COMPLETED; exit: 0; error: -; workDir: /Users/lilei/Downloads/CENTAUR/work/c0/2995c6a1bf524732cc856d55462441]
Sep-05 16:04:20.830 [main] DEBUG nextflow.Session - Session await > all processes finished
Sep-05 16:04:20.922 [Task monitor] DEBUG n.processor.TaskPollingMonitor - <<< barrier arrives (monitor: local) - terminating tasks monitor poll loop
Sep-05 16:04:20.922 [main] DEBUG nextflow.Session - Session await > all barriers passed
Sep-05 16:04:20.923 [main] DEBUG nextflow.util.ThreadPoolManager - Thread pool 'TaskFinalizer' shutdown completed (hard=false)
Sep-05 16:04:20.926 [main] INFO  nextflow.Nextflow - 
    ================================================
    CENTAUR Multi-Omics Integration Test completed successfully!
    ================================================
    
Sep-05 16:04:20.927 [main] DEBUG n.trace.WorkflowStatsObserver - Workflow completed > WorkflowStats[succeededCount=3; failedCount=0; ignoredCount=0; cachedCount=0; pendingCount=0; submittedCount=0; runningCount=0; retriesCount=0; abortedCount=0; succeedDuration=863ms; failedDuration=0ms; cachedDuration=0ms;loadCpus=0; loadMemory=0; peakRunning=3; peakCpus=3; peakMemory=0; ]
Sep-05 16:04:20.972 [main] DEBUG nextflow.cache.CacheDB - Closing CacheDB done
Sep-05 16:04:20.984 [main] DEBUG nextflow.util.ThreadPoolManager - Thread pool 'FileTransfer' shutdown completed (hard=false)
Sep-05 16:04:20.984 [main] DEBUG nextflow.script.ScriptRunner - > Execution complete -- Goodbye
